<?xml version="1.0" encoding="UTF-8"?>
<testng-results ignored="0" total="10" passed="10" failed="0" skipped="0">
  <reporter-output>
  </reporter-output>
  <suite started-at="2022-02-08T11:16:57 IST" name="Default suite" finished-at="2022-02-08T11:20:02 IST" duration-ms="185121">
    <groups>
      <group name="cucumber">
        <method signature="AbstractTestNGCucumberTests.runScenario(io.cucumber.testng.PickleWrapper,io.cucumber.testng.FeatureWrapper)[pri:0, instance:testrunner.Testrunner@15ac59c2]" name="runScenario" class="io.cucumber.testng.AbstractTestNGCucumberTests"/>
      </group> <!-- cucumber -->
    </groups>
    <test started-at="2022-02-08T11:16:57 IST" name="Default test" finished-at="2022-02-08T11:20:02 IST" duration-ms="185121">
      <class name="testrunner.Testrunner">
        <test-method is-config="true" signature="setUpClass()[pri:0, instance:testrunner.Testrunner@15ac59c2]" started-at="2022-02-08T11:16:57 IST" name="setUpClass" finished-at="2022-02-08T11:16:58 IST" duration-ms="1134" status="PASS">
          <reporter-output>
          </reporter-output>
        </test-method> <!-- setUpClass -->
        <test-method signature="runScenario(io.cucumber.testng.PickleWrapper,io.cucumber.testng.FeatureWrapper)[pri:0, instance:testrunner.Testrunner@15ac59c2]" started-at="2022-02-08T11:16:58 IST" name="runScenario" description="Runs Cucumber Scenarios" data-provider="scenarios" finished-at="2022-02-08T11:17:18 IST" duration-ms="19809" status="PASS">
          <params>
            <param index="0">
              <value>
                <![CDATA["Regsiter"]]>
              </value>
            </param>
            <param index="1">
              <value>
                <![CDATA["To test the Retail application"]]>
              </value>
            </param>
          </params>
          <reporter-output>
          </reporter-output>
        </test-method> <!-- runScenario -->
        <test-method signature="runScenario(io.cucumber.testng.PickleWrapper,io.cucumber.testng.FeatureWrapper)[pri:0, instance:testrunner.Testrunner@15ac59c2]" started-at="2022-02-08T11:17:19 IST" name="runScenario" description="Runs Cucumber Scenarios" data-provider="scenarios" finished-at="2022-02-08T11:17:35 IST" duration-ms="16952" status="PASS">
          <params>
            <param index="0">
              <value>
                <![CDATA["Login"]]>
              </value>
            </param>
            <param index="1">
              <value>
                <![CDATA["To test the Retail application"]]>
              </value>
            </param>
          </params>
          <reporter-output>
          </reporter-output>
        </test-method> <!-- runScenario -->
        <test-method signature="runScenario(io.cucumber.testng.PickleWrapper,io.cucumber.testng.FeatureWrapper)[pri:0, instance:testrunner.Testrunner@15ac59c2]" started-at="2022-02-08T11:17:36 IST" name="runScenario" description="Runs Cucumber Scenarios" data-provider="scenarios" finished-at="2022-02-08T11:17:49 IST" duration-ms="13802" status="PASS">
          <params>
            <param index="0">
              <value>
                <![CDATA["Shop"]]>
              </value>
            </param>
            <param index="1">
              <value>
                <![CDATA["To test the Retail application"]]>
              </value>
            </param>
          </params>
          <reporter-output>
          </reporter-output>
        </test-method> <!-- runScenario -->
        <test-method signature="runScenario(io.cucumber.testng.PickleWrapper,io.cucumber.testng.FeatureWrapper)[pri:0, instance:testrunner.Testrunner@15ac59c2]" started-at="2022-02-08T11:17:49 IST" name="runScenario" description="Runs Cucumber Scenarios" data-provider="scenarios" finished-at="2022-02-08T11:18:06 IST" duration-ms="16690" status="PASS">
          <params>
            <param index="0">
              <value>
                <![CDATA["Search"]]>
              </value>
            </param>
            <param index="1">
              <value>
                <![CDATA["To test the Retail application"]]>
              </value>
            </param>
          </params>
          <reporter-output>
          </reporter-output>
        </test-method> <!-- runScenario -->
        <test-method signature="runScenario(io.cucumber.testng.PickleWrapper,io.cucumber.testng.FeatureWrapper)[pri:0, instance:testrunner.Testrunner@15ac59c2]" started-at="2022-02-08T11:18:06 IST" name="runScenario" description="Runs Cucumber Scenarios" data-provider="scenarios" finished-at="2022-02-08T11:18:21 IST" duration-ms="15141" status="PASS">
          <params>
            <param index="0">
              <value>
                <![CDATA["Select Product"]]>
              </value>
            </param>
            <param index="1">
              <value>
                <![CDATA["To test the Retail application"]]>
              </value>
            </param>
          </params>
          <reporter-output>
          </reporter-output>
        </test-method> <!-- runScenario -->
        <test-method signature="runScenario(io.cucumber.testng.PickleWrapper,io.cucumber.testng.FeatureWrapper)[pri:0, instance:testrunner.Testrunner@15ac59c2]" started-at="2022-02-08T11:18:21 IST" name="runScenario" description="Runs Cucumber Scenarios" data-provider="scenarios" finished-at="2022-02-08T11:18:41 IST" duration-ms="19453" status="PASS">
          <params>
            <param index="0">
              <value>
                <![CDATA["Add to cart"]]>
              </value>
            </param>
            <param index="1">
              <value>
                <![CDATA["To test the Retail application"]]>
              </value>
            </param>
          </params>
          <reporter-output>
          </reporter-output>
        </test-method> <!-- runScenario -->
        <test-method signature="runScenario(io.cucumber.testng.PickleWrapper,io.cucumber.testng.FeatureWrapper)[pri:0, instance:testrunner.Testrunner@15ac59c2]" started-at="2022-02-08T11:18:41 IST" name="runScenario" description="Runs Cucumber Scenarios" data-provider="scenarios" finished-at="2022-02-08T11:19:03 IST" duration-ms="21867" status="PASS">
          <params>
            <param index="0">
              <value>
                <![CDATA["Cart"]]>
              </value>
            </param>
            <param index="1">
              <value>
                <![CDATA["To test the Retail application"]]>
              </value>
            </param>
          </params>
          <reporter-output>
          </reporter-output>
        </test-method> <!-- runScenario -->
        <test-method signature="runScenario(io.cucumber.testng.PickleWrapper,io.cucumber.testng.FeatureWrapper)[pri:0, instance:testrunner.Testrunner@15ac59c2]" started-at="2022-02-08T11:19:03 IST" name="runScenario" description="Runs Cucumber Scenarios" data-provider="scenarios" finished-at="2022-02-08T11:19:32 IST" duration-ms="28898" status="PASS">
          <params>
            <param index="0">
              <value>
                <![CDATA["Checkout"]]>
              </value>
            </param>
            <param index="1">
              <value>
                <![CDATA["To test the Retail application"]]>
              </value>
            </param>
          </params>
          <reporter-output>
          </reporter-output>
        </test-method> <!-- runScenario -->
        <test-method signature="runScenario(io.cucumber.testng.PickleWrapper,io.cucumber.testng.FeatureWrapper)[pri:0, instance:testrunner.Testrunner@15ac59c2]" started-at="2022-02-08T11:19:32 IST" name="runScenario" description="Runs Cucumber Scenarios" data-provider="scenarios" finished-at="2022-02-08T11:19:50 IST" duration-ms="18266" status="PASS">
          <params>
            <param index="0">
              <value>
                <![CDATA["Wishlist"]]>
              </value>
            </param>
            <param index="1">
              <value>
                <![CDATA["To test the Retail application"]]>
              </value>
            </param>
          </params>
          <reporter-output>
          </reporter-output>
        </test-method> <!-- runScenario -->
        <test-method signature="runScenario(io.cucumber.testng.PickleWrapper,io.cucumber.testng.FeatureWrapper)[pri:0, instance:testrunner.Testrunner@15ac59c2]" started-at="2022-02-08T11:19:50 IST" name="runScenario" description="Runs Cucumber Scenarios" data-provider="scenarios" finished-at="2022-02-08T11:20:02 IST" duration-ms="11687" status="PASS">
          <params>
            <param index="0">
              <value>
                <![CDATA["Contactus"]]>
              </value>
            </param>
            <param index="1">
              <value>
                <![CDATA["To test the Retail application"]]>
              </value>
            </param>
          </params>
          <reporter-output>
          </reporter-output>
        </test-method> <!-- runScenario -->
        <test-method is-config="true" signature="tearDownClass()[pri:0, instance:testrunner.Testrunner@15ac59c2]" started-at="2022-02-08T11:20:02 IST" name="tearDownClass" finished-at="2022-02-08T11:20:02 IST" duration-ms="624" status="PASS">
          <reporter-output>
          </reporter-output>
        </test-method> <!-- tearDownClass -->
      </class> <!-- testrunner.Testrunner -->
    </test> <!-- Default test -->
  </suite> <!-- Default suite -->
</testng-results>
